{"numFailedTestSuites":0,"numFailedTests":0,"numPassedTestSuites":2,"numPassedTests":4,"numPendingTestSuites":0,"numPendingTests":0,"numRuntimeErrorTestSuites":0,"numTodoTests":0,"numTotalTestSuites":2,"numTotalTests":4,"openHandles":[],"snapshot":{"added":0,"didUpdate":false,"failure":false,"filesAdded":0,"filesRemoved":0,"filesRemovedList":[],"filesUnmatched":0,"filesUpdated":0,"matched":0,"total":0,"unchecked":0,"uncheckedKeysByFile":[],"unmatched":0,"updated":0},"startTime":1745980223855,"success":true,"testResults":[{"assertionResults":[{"ancestorTitles":[],"duration":3,"failureDetails":[],"failureMessages":[],"fullName":"navigate to voice page","invocations":1,"location":null,"numPassingAsserts":1,"retryReasons":[],"status":"passed","title":"navigate to voice page"}],"endTime":1745980224610,"message":"","name":"C:\\Users\\sheme\\Downloads\\Voice-Enabled-AI-Chatbot\\tests\\navigate.test.js","startTime":1745980223995,"status":"passed","summary":""},{"assertionResults":[{"ancestorTitles":[],"duration":1,"failureDetails":[],"failureMessages":[],"fullName":"C3 - Submit Button works","invocations":1,"location":null,"numPassingAsserts":1,"retryReasons":[],"status":"passed","title":"C3 - Submit Button works"},{"ancestorTitles":[],"duration":1,"failureDetails":[],"failureMessages":[],"fullName":"C4 - Email field accepts valid input","invocations":1,"location":null,"numPassingAsserts":1,"retryReasons":[],"status":"passed","title":"C4 - Email field accepts valid input"},{"ancestorTitles":[],"duration":1,"failureDetails":[],"failureMessages":[],"fullName":"C5 - Validation fails on empty form","invocations":1,"location":null,"numPassingAsserts":1,"retryReasons":[],"status":"passed","title":"C5 - Validation fails on empty form"}],"endTime":1745980224784,"message":"","name":"C:\\Users\\sheme\\Downloads\\Voice-Enabled-AI-Chatbot\\sample.test.js","startTime":1745980224662,"status":"passed","summary":""}],"wasInterrupted":false}
