{"numFailedTestSuites":0,"numFailedTests":0,"numPassedTestSuites":27,"numPassedTests":146,"numPendingTestSuites":0,"numPendingTests":0,"numRuntimeErrorTestSuites":0,"numTodoTests":0,"numTotalTestSuites":27,"numTotalTests":146,"openHandles":[],"snapshot":{"added":0,"didUpdate":false,"failure":false,"filesAdded":0,"filesRemoved":0,"filesRemovedList":[],"filesUnmatched":0,"filesUpdated":0,"matched":0,"total":0,"unchecked":0,"uncheckedKeysByFile":[],"unmatched":0,"updated":0},"startTime":1747311291777,"success":true,"testResults":[{"assertionResults":[{"ancestorTitles":["Settings Page Integration Testing"],"failureMessages":[],"fullName":"Settings Page Integration Testing [C13] Page Load","location":null,"status":"passed","title":"[C13] Page Load"},{"ancestorTitles":["Settings Page Integration Testing"],"failureMessages":[],"fullName":"Settings Page Integration Testing [C14] Check UI Elements Visibility","location":null,"status":"passed","title":"[C14] Check UI Elements Visibility"},{"ancestorTitles":["Settings Page Integration Testing"],"failureMessages":[],"fullName":"Settings Page Integration Testing [C98] Navigate to Voice Settings","location":null,"status":"passed","title":"[C98] Navigate to Voice Settings"},{"ancestorTitles":["Settings Page Integration Testing"],"failureMessages":[],"fullName":"Settings Page Integration Testing [C99] Navigate to Preferences Settings","location":null,"status":"passed","title":"[C99] Navigate to Preferences Settings"},{"ancestorTitles":["Settings Page Integration Testing"],"failureMessages":[],"fullName":"Settings Page Integration Testing [C101] Navigate to Notifications Settings","location":null,"status":"passed","title":"[C101] Navigate to Notifications Settings"},{"ancestorTitles":["Settings Page Integration Testing"],"failureMessages":[],"fullName":"Settings Page Integration Testing [C102] Navigate to Account Settings","location":null,"status":"passed","title":"[C102] Navigate to Account Settings"}],"endTime":1747311296434,"message":"","name":"C:\\Users\\sheme\\Downloads\\Voice-Enabled-AI-Chatbot\\tests\\settings.test.js","startTime":1747311294518,"status":"passed","summary":""},{"assertionResults":[{"ancestorTitles":["Role Selection Page Testing"],"failureMessages":[],"fullName":"Role Selection Page Testing [C105] Verify Role Selection Page Loads Successfully","location":null,"status":"passed","title":"[C105] Verify Role Selection Page Loads Successfully"},{"ancestorTitles":["Role Selection Page Testing"],"failureMessages":[],"fullName":"Role Selection Page Testing [C106] Verify Role Selection for Student","location":null,"status":"passed","title":"[C106] Verify Role Selection for Student"},{"ancestorTitles":["Role Selection Page Testing"],"failureMessages":[],"fullName":"Role Selection Page Testing [C107] Verify Role Selection for Instructor","location":null,"status":"passed","title":"[C107] Verify Role Selection for Instructor"},{"ancestorTitles":["Role Selection Page Testing"],"failureMessages":[],"fullName":"Role Selection Page Testing [C108] Verify Role Selection for LMS Admin","location":null,"status":"passed","title":"[C108] Verify Role Selection for LMS Admin"},{"ancestorTitles":["Role Selection Page Testing"],"failureMessages":[],"fullName":"Role Selection Page Testing [C109] Verify Logo is Displayed","location":null,"status":"passed","title":"[C109] Verify Logo is Displayed"},{"ancestorTitles":["Role Selection Page Testing"],"failureMessages":[],"fullName":"Role Selection Page Testing [C110] Verify Navigation for Student Role","location":null,"status":"passed","title":"[C110] Verify Navigation for Student Role"},{"ancestorTitles":["Role Selection Page Testing"],"failureMessages":[],"fullName":"Role Selection Page Testing [C111] Verify Visibility of Role Selection Buttons","location":null,"status":"passed","title":"[C111] Verify Visibility of Role Selection Buttons"},{"ancestorTitles":["Role Selection Page Testing"],"failureMessages":[],"fullName":"Role Selection Page Testing [C112] Verify Navigation for LMS Admin Role","location":null,"status":"passed","title":"[C112] Verify Navigation for LMS Admin Role"}],"endTime":1747311296634,"message":"","name":"C:\\Users\\sheme\\Downloads\\Voice-Enabled-AI-Chatbot\\tests\\role.test.js","startTime":1747311294586,"status":"passed","summary":""},{"assertionResults":[{"ancestorTitles":["Student Page Unit Testing"],"failureMessages":[],"fullName":"Student Page Unit Testing should navigate to Enrolled Courses page","location":null,"status":"passed","title":"should navigate to Enrolled Courses page"},{"ancestorTitles":["Student Page Unit Testing"],"failureMessages":[],"fullName":"Student Page Unit Testing should navigate to Upcoming Deadlines page","location":null,"status":"passed","title":"should navigate to Upcoming Deadlines page"},{"ancestorTitles":["Student Page Unit Testing"],"failureMessages":[],"fullName":"Student Page Unit Testing should navigate to Submit Assignment page","location":null,"status":"passed","title":"should navigate to Submit Assignment page"},{"ancestorTitles":["Student Page Unit Testing"],"failureMessages":[],"fullName":"Student Page Unit Testing should navigate to Notifications page","location":null,"status":"passed","title":"should navigate to Notifications page"},{"ancestorTitles":["Student Page Unit Testing"],"failureMessages":[],"fullName":"Student Page Unit Testing should navigate to View Grades page","location":null,"status":"passed","title":"should navigate to View Grades page"},{"ancestorTitles":["Student Page Unit Testing"],"failureMessages":[],"fullName":"Student Page Unit Testing should navigate to Ask Lumi page","location":null,"status":"passed","title":"should navigate to Ask Lumi page"},{"ancestorTitles":["Student Page Unit Testing"],"failureMessages":[],"fullName":"Student Page Unit Testing should throw an error for invalid action","location":null,"status":"passed","title":"should throw an error for invalid action"}],"endTime":1747311296681,"message":"","name":"C:\\Users\\sheme\\Downloads\\Voice-Enabled-AI-Chatbot\\tests\\Student.unit.test.js","startTime":1747311294719,"status":"passed","summary":""},{"assertionResults":[{"ancestorTitles":["Admin Page Unit Testing"],"failureMessages":[],"fullName":"Admin Page Unit Testing should navigate to Manage Users page","location":null,"status":"passed","title":"should navigate to Manage Users page"},{"ancestorTitles":["Admin Page Unit Testing"],"failureMessages":[],"fullName":"Admin Page Unit Testing should navigate to Role Access page","location":null,"status":"passed","title":"should navigate to Role Access page"},{"ancestorTitles":["Admin Page Unit Testing"],"failureMessages":[],"fullName":"Admin Page Unit Testing should navigate to Platform Stats page","location":null,"status":"passed","title":"should navigate to Platform Stats page"},{"ancestorTitles":["Admin Page Unit Testing"],"failureMessages":[],"fullName":"Admin Page Unit Testing should navigate to Global Announcements page","location":null,"status":"passed","title":"should navigate to Global Announcements page"},{"ancestorTitles":["Admin Page Unit Testing"],"failureMessages":[],"fullName":"Admin Page Unit Testing should navigate to System Settings page","location":null,"status":"passed","title":"should navigate to System Settings page"},{"ancestorTitles":["Admin Page Unit Testing"],"failureMessages":[],"fullName":"Admin Page Unit Testing should navigate to Ask Lumi page","location":null,"status":"passed","title":"should navigate to Ask Lumi page"},{"ancestorTitles":["Admin Page Unit Testing"],"failureMessages":[],"fullName":"Admin Page Unit Testing should throw an error for invalid action","location":null,"status":"passed","title":"should throw an error for invalid action"}],"endTime":1747311296654,"message":"","name":"C:\\Users\\sheme\\Downloads\\Voice-Enabled-AI-Chatbot\\tests\\admin.unit.test.js","startTime":1747311294683,"status":"passed","summary":""},{"assertionResults":[{"ancestorTitles":[],"failureMessages":[],"fullName":"C3 - Submit Button works","location":null,"status":"passed","title":"C3 - Submit Button works"},{"ancestorTitles":[],"failureMessages":[],"fullName":"C4 - Email field accepts valid input","location":null,"status":"passed","title":"C4 - Email field accepts valid input"},{"ancestorTitles":[],"failureMessages":[],"fullName":"C5 - Validation fails on empty form","location":null,"status":"passed","title":"C5 - Validation fails on empty form"}],"endTime":1747311296797,"message":"","name":"C:\\Users\\sheme\\Downloads\\Voice-Enabled-AI-Chatbot\\sample.test.js","startTime":1747311294826,"status":"passed","summary":""},{"assertionResults":[{"ancestorTitles":["Instructor Page Unit Testing"],"failureMessages":[],"fullName":"Instructor Page Unit Testing should navigate to Manage Courses page","location":null,"status":"passed","title":"should navigate to Manage Courses page"},{"ancestorTitles":["Instructor Page Unit Testing"],"failureMessages":[],"fullName":"Instructor Page Unit Testing should navigate to Upload Materials page","location":null,"status":"passed","title":"should navigate to Upload Materials page"},{"ancestorTitles":["Instructor Page Unit Testing"],"failureMessages":[],"fullName":"Instructor Page Unit Testing should navigate to Grade Submissions page","location":null,"status":"passed","title":"should navigate to Grade Submissions page"},{"ancestorTitles":["Instructor Page Unit Testing"],"failureMessages":[],"fullName":"Instructor Page Unit Testing should navigate to Set Deadlines page","location":null,"status":"passed","title":"should navigate to Set Deadlines page"},{"ancestorTitles":["Instructor Page Unit Testing"],"failureMessages":[],"fullName":"Instructor Page Unit Testing should navigate to Announcements page","location":null,"status":"passed","title":"should navigate to Announcements page"},{"ancestorTitles":["Instructor Page Unit Testing"],"failureMessages":[],"fullName":"Instructor Page Unit Testing should navigate to Ask Lumi page","location":null,"status":"passed","title":"should navigate to Ask Lumi page"},{"ancestorTitles":["Instructor Page Unit Testing"],"failureMessages":[],"fullName":"Instructor Page Unit Testing should throw an error for invalid action","location":null,"status":"passed","title":"should throw an error for invalid action"}],"endTime":1747311296804,"message":"","name":"C:\\Users\\sheme\\Downloads\\Voice-Enabled-AI-Chatbot\\tests\\instructor.unit.test.js","startTime":1747311294771,"status":"passed","summary":""},{"assertionResults":[{"ancestorTitles":["Voice Settings Page Integration Testing"],"failureMessages":[],"fullName":"Voice Settings Page Integration Testing [C20] Enable/Disable Voice Input","location":null,"status":"passed","title":"[C20] Enable/Disable Voice Input"},{"ancestorTitles":["Voice Settings Page Integration Testing"],"failureMessages":[],"fullName":"Voice Settings Page Integration Testing [C21] Select Speech Mode Option","location":null,"status":"passed","title":"[C21] Select Speech Mode Option"},{"ancestorTitles":["Voice Settings Page Integration Testing"],"failureMessages":[],"fullName":"Voice Settings Page Integration Testing [C22] Change Language Option","location":null,"status":"passed","title":"[C22] Change Language Option"},{"ancestorTitles":["Voice Settings Page Integration Testing"],"failureMessages":[],"fullName":"Voice Settings Page Integration Testing [C23] Change Auto-Delete Option","location":null,"status":"passed","title":"[C23] Change Auto-Delete Option"},{"ancestorTitles":["Voice Settings Page Integration Testing"],"failureMessages":[],"fullName":"Voice Settings Page Integration Testing [C24] Save Button Functionality","location":null,"status":"passed","title":"[C24] Save Button Functionality"},{"ancestorTitles":["Voice Settings Page Integration Testing"],"failureMessages":[],"fullName":"Voice Settings Page Integration Testing [C25] Navigation to Settings Page","location":null,"status":"passed","title":"[C25] Navigation to Settings Page"}],"endTime":1747311296918,"message":"","name":"C:\\Users\\sheme\\Downloads\\Voice-Enabled-AI-Chatbot\\tests\\voice_setting.test.js","startTime":1747311294679,"status":"passed","summary":""},{"assertionResults":[{"ancestorTitles":[],"failureMessages":[],"fullName":"navigate to voice page","location":null,"status":"passed","title":"navigate to voice page"}],"endTime":1747311296929,"message":"","name":"C:\\Users\\sheme\\Downloads\\Voice-Enabled-AI-Chatbot\\tests\\navigate.test.js","startTime":1747311294798,"status":"passed","summary":""},{"assertionResults":[{"ancestorTitles":["Voice Settings Page Unit Testing"],"failureMessages":[],"fullName":"Voice Settings Page Unit Testing [U01] Toggle Voice Input","location":null,"status":"passed","title":"[U01] Toggle Voice Input"},{"ancestorTitles":["Voice Settings Page Unit Testing"],"failureMessages":[],"fullName":"Voice Settings Page Unit Testing [U02] Change Speech Mode","location":null,"status":"passed","title":"[U02] Change Speech Mode"},{"ancestorTitles":["Voice Settings Page Unit Testing"],"failureMessages":[],"fullName":"Voice Settings Page Unit Testing [U03] Change Language Option","location":null,"status":"passed","title":"[U03] Change Language Option"},{"ancestorTitles":["Voice Settings Page Unit Testing"],"failureMessages":[],"fullName":"Voice Settings Page Unit Testing [U04] Toggle Auto-Delete Option","location":null,"status":"passed","title":"[U04] Toggle Auto-Delete Option"},{"ancestorTitles":["Voice Settings Page Unit Testing"],"failureMessages":[],"fullName":"Voice Settings Page Unit Testing [U05] Save Settings Functionality","location":null,"status":"passed","title":"[U05] Save Settings Functionality"}],"endTime":1747311296925,"message":"","name":"C:\\Users\\sheme\\Downloads\\Voice-Enabled-AI-Chatbot\\tests\\voice_settings.unit.test.js","startTime":1747311294811,"status":"passed","summary":""},{"assertionResults":[{"ancestorTitles":["Admin Role Page Testing"],"failureMessages":[],"fullName":"Admin Role Page Testing [C133] Visual Consistency Check","location":null,"status":"passed","title":"[C133] Visual Consistency Check"},{"ancestorTitles":["Admin Role Page Testing"],"failureMessages":[],"fullName":"Admin Role Page Testing [C135] Admin Page Access Control","location":null,"status":"passed","title":"[C135] Admin Page Access Control"},{"ancestorTitles":["Admin Role Page Testing"],"failureMessages":[],"fullName":"Admin Role Page Testing [C136] Manage Users Button Functionality","location":null,"status":"passed","title":"[C136] Manage Users Button Functionality"},{"ancestorTitles":["Admin Role Page Testing"],"failureMessages":[],"fullName":"Admin Role Page Testing [C137] Role Access Control Button Functionality","location":null,"status":"passed","title":"[C137] Role Access Control Button Functionality"},{"ancestorTitles":["Admin Role Page Testing"],"failureMessages":[],"fullName":"Admin Role Page Testing [C138] Platform Stats Button Functionality","location":null,"status":"passed","title":"[C138] Platform Stats Button Functionality"},{"ancestorTitles":["Admin Role Page Testing"],"failureMessages":[],"fullName":"Admin Role Page Testing [C139] Global Announcements Button Functionality","location":null,"status":"passed","title":"[C139] Global Announcements Button Functionality"},{"ancestorTitles":["Admin Role Page Testing"],"failureMessages":[],"fullName":"Admin Role Page Testing [C140] System Settings Button Functionality","location":null,"status":"passed","title":"[C140] System Settings Button Functionality"},{"ancestorTitles":["Admin Role Page Testing"],"failureMessages":[],"fullName":"Admin Role Page Testing [C141] Ask Lumi Button Functionality","location":null,"status":"passed","title":"[C141] Ask Lumi Button Functionality"}],"endTime":1747311297016,"message":"","name":"C:\\Users\\sheme\\Downloads\\Voice-Enabled-AI-Chatbot\\tests\\admin.test.js","startTime":1747311294677,"status":"passed","summary":""},{"assertionResults":[{"ancestorTitles":["Preferences Settings Page Integration Testing"],"failureMessages":[],"fullName":"Preferences Settings Page Integration Testing [C39] Check Default Preference Selections","location":null,"status":"passed","title":"[C39] Check Default Preference Selections"},{"ancestorTitles":["Preferences Settings Page Integration Testing"],"failureMessages":[],"fullName":"Preferences Settings Page Integration Testing [C40] Change Theme Preference and Save","location":null,"status":"passed","title":"[C40] Change Theme Preference and Save"},{"ancestorTitles":["Preferences Settings Page Integration Testing"],"failureMessages":[],"fullName":"Preferences Settings Page Integration Testing [C41] Change Font Size and Save","location":null,"status":"passed","title":"[C41] Change Font Size and Save"},{"ancestorTitles":["Preferences Settings Page Integration Testing"],"failureMessages":[],"fullName":"Preferences Settings Page Integration Testing [C42] Back to Settings Navigation","location":null,"status":"passed","title":"[C42] Back to Settings Navigation"},{"ancestorTitles":["Preferences Settings Page Integration Testing"],"failureMessages":[],"fullName":"Preferences Settings Page Integration Testing [C43] Verify App Language Option","location":null,"status":"passed","title":"[C43] Verify App Language Option"},{"ancestorTitles":["Preferences Settings Page Integration Testing"],"failureMessages":[],"fullName":"Preferences Settings Page Integration Testing [C44] Verify Save Button Without Changes","location":null,"status":"passed","title":"[C44] Verify Save Button Without Changes"}],"endTime":1747311297051,"message":"","name":"C:\\Users\\sheme\\Downloads\\Voice-Enabled-AI-Chatbot\\tests\\preferences_setting.test.js","startTime":1747311294771,"status":"passed","summary":""},{"assertionResults":[{"ancestorTitles":["Settings Page Unit Testing"],"failureMessages":[],"fullName":"Settings Page Unit Testing [U01] Navigate to Voice Settings","location":null,"status":"passed","title":"[U01] Navigate to Voice Settings"},{"ancestorTitles":["Settings Page Unit Testing"],"failureMessages":[],"fullName":"Settings Page Unit Testing [U02] Navigate to Preferences Settings","location":null,"status":"passed","title":"[U02] Navigate to Preferences Settings"},{"ancestorTitles":["Settings Page Unit Testing"],"failureMessages":[],"fullName":"Settings Page Unit Testing [U03] Navigate to Notifications Settings","location":null,"status":"passed","title":"[U03] Navigate to Notifications Settings"},{"ancestorTitles":["Settings Page Unit Testing"],"failureMessages":[],"fullName":"Settings Page Unit Testing [U04] Navigate to Account Settings","location":null,"status":"passed","title":"[U04] Navigate to Account Settings"}],"endTime":1747311297088,"message":"","name":"C:\\Users\\sheme\\Downloads\\Voice-Enabled-AI-Chatbot\\tests\\settings.unit.test.js","startTime":1747311296563,"status":"passed","summary":""},{"assertionResults":[{"ancestorTitles":["Instructor Role Page Integration Testing"],"failureMessages":[],"fullName":"Instructor Role Page Integration Testing [C123] Manage Courses Button Functionality","location":null,"status":"passed","title":"[C123] Manage Courses Button Functionality"},{"ancestorTitles":["Instructor Role Page Integration Testing"],"failureMessages":[],"fullName":"Instructor Role Page Integration Testing [C124] Manage Courses Button Functionality Duplicate","location":null,"status":"passed","title":"[C124] Manage Courses Button Functionality Duplicate"},{"ancestorTitles":["Instructor Role Page Integration Testing"],"failureMessages":[],"fullName":"Instructor Role Page Integration Testing [C125] Instructor Page Access Control","location":null,"status":"passed","title":"[C125] Instructor Page Access Control"},{"ancestorTitles":["Instructor Role Page Integration Testing"],"failureMessages":[],"fullName":"Instructor Role Page Integration Testing [C126] Upload Materials Button Functionality","location":null,"status":"passed","title":"[C126] Upload Materials Button Functionality"},{"ancestorTitles":["Instructor Role Page Integration Testing"],"failureMessages":[],"fullName":"Instructor Role Page Integration Testing [C127] Grade Submissions Button Functionality","location":null,"status":"passed","title":"[C127] Grade Submissions Button Functionality"},{"ancestorTitles":["Instructor Role Page Integration Testing"],"failureMessages":[],"fullName":"Instructor Role Page Integration Testing [C128] Set Deadlines Button Functionality","location":null,"status":"passed","title":"[C128] Set Deadlines Button Functionality"},{"ancestorTitles":["Instructor Role Page Integration Testing"],"failureMessages":[],"fullName":"Instructor Role Page Integration Testing [C129] Announcements Button Functionality","location":null,"status":"passed","title":"[C129] Announcements Button Functionality"},{"ancestorTitles":["Instructor Role Page Integration Testing"],"failureMessages":[],"fullName":"Instructor Role Page Integration Testing [C130] Ask Lumi Button Functionality","location":null,"status":"passed","title":"[C130] Ask Lumi Button Functionality"}],"endTime":1747311297155,"message":"","name":"C:\\Users\\sheme\\Downloads\\Voice-Enabled-AI-Chatbot\\tests\\instructor.test.js","startTime":1747311294769,"status":"passed","summary":""},{"assertionResults":[{"ancestorTitles":["Student Role Page Integration Testing"],"failureMessages":[],"fullName":"Student Role Page Integration Testing [C113] Verify Student Role Page Loads Successfully","location":null,"status":"passed","title":"[C113] Verify Student Role Page Loads Successfully"},{"ancestorTitles":["Student Role Page Integration Testing"],"failureMessages":[],"fullName":"Student Role Page Integration Testing [C114] Verify Enrolled Courses Card Functionality","location":null,"status":"passed","title":"[C114] Verify Enrolled Courses Card Functionality"},{"ancestorTitles":["Student Role Page Integration Testing"],"failureMessages":[],"fullName":"Student Role Page Integration Testing [C115] Verify Upcoming Deadlines Card Functionality","location":null,"status":"passed","title":"[C115] Verify Upcoming Deadlines Card Functionality"},{"ancestorTitles":["Student Role Page Integration Testing"],"failureMessages":[],"fullName":"Student Role Page Integration Testing [C116] Verify Submit Assignment Card Functionality","location":null,"status":"passed","title":"[C116] Verify Submit Assignment Card Functionality"},{"ancestorTitles":["Student Role Page Integration Testing"],"failureMessages":[],"fullName":"Student Role Page Integration Testing [C117] Verify View Grades Card Functionality","location":null,"status":"passed","title":"[C117] Verify View Grades Card Functionality"},{"ancestorTitles":["Student Role Page Integration Testing"],"failureMessages":[],"fullName":"Student Role Page Integration Testing [C118] Verify Notifications Card Functionality","location":null,"status":"passed","title":"[C118] Verify Notifications Card Functionality"},{"ancestorTitles":["Student Role Page Integration Testing"],"failureMessages":[],"fullName":"Student Role Page Integration Testing [C121] Verify Ask Lumi Card Functionality","location":null,"status":"passed","title":"[C121] Verify Ask Lumi Card Functionality"},{"ancestorTitles":["Student Role Page Integration Testing"],"failureMessages":[],"fullName":"Student Role Page Integration Testing [C122] Verify Button Hover Effects","location":null,"status":"passed","title":"[C122] Verify Button Hover Effects"}],"endTime":1747311297252,"message":"","name":"C:\\Users\\sheme\\Downloads\\Voice-Enabled-AI-Chatbot\\tests\\student.test.js","startTime":1747311296789,"status":"passed","summary":""},{"assertionResults":[{"ancestorTitles":["Ask Lumi Page Unit Testing"],"failureMessages":[],"fullName":"Ask Lumi Page Unit Testing [U01] Submit Question Successfully","location":null,"status":"passed","title":"[U01] Submit Question Successfully"},{"ancestorTitles":["Ask Lumi Page Unit Testing"],"failureMessages":[],"fullName":"Ask Lumi Page Unit Testing [U02] Submit Without Question","location":null,"status":"passed","title":"[U02] Submit Without Question"},{"ancestorTitles":["Ask Lumi Page Unit Testing"],"failureMessages":[],"fullName":"Ask Lumi Page Unit Testing [U03] Voice Input - Microphone Access Granted","location":null,"status":"passed","title":"[U03] Voice Input - Microphone Access Granted"},{"ancestorTitles":["Ask Lumi Page Unit Testing"],"failureMessages":[],"fullName":"Ask Lumi Page Unit Testing [U04] Voice Input - Microphone Access Denied","location":null,"status":"passed","title":"[U04] Voice Input - Microphone Access Denied"}],"endTime":1747311297305,"message":"","name":"C:\\Users\\sheme\\Downloads\\Voice-Enabled-AI-Chatbot\\tests\\ask_lumi.unit.test.js","startTime":1747311296815,"status":"passed","summary":""},{"assertionResults":[{"ancestorTitles":["FAQ Page Integration Testing"],"failureMessages":[],"fullName":"FAQ Page Integration Testing [C58] Check visibility of FAQ questions","location":null,"status":"passed","title":"[C58] Check visibility of FAQ questions"},{"ancestorTitles":["FAQ Page Integration Testing"],"failureMessages":[],"fullName":"FAQ Page Integration Testing [C59] Expand answer to first question","location":null,"status":"passed","title":"[C59] Expand answer to first question"},{"ancestorTitles":["FAQ Page Integration Testing"],"failureMessages":[],"fullName":"FAQ Page Integration Testing [C60] Collapse answer on second click","location":null,"status":"passed","title":"[C60] Collapse answer on second click"},{"ancestorTitles":["FAQ Page Integration Testing"],"failureMessages":[],"fullName":"FAQ Page Integration Testing [C61] Navigate to 'Ask Lumi a New Question'","location":null,"status":"passed","title":"[C61] Navigate to 'Ask Lumi a New Question'"},{"ancestorTitles":["FAQ Page Integration Testing"],"failureMessages":[],"fullName":"FAQ Page Integration Testing [C62] Verify expand/collapse is independent","location":null,"status":"passed","title":"[C62] Verify expand/collapse is independent"},{"ancestorTitles":["FAQ Page Integration Testing"],"failureMessages":[],"fullName":"FAQ Page Integration Testing [C63] Check FAQ layout responsiveness","location":null,"status":"passed","title":"[C63] Check FAQ layout responsiveness"}],"endTime":1747311297481,"message":"","name":"C:\\Users\\sheme\\Downloads\\Voice-Enabled-AI-Chatbot\\tests\\faq.test.js","startTime":1747311296795,"status":"passed","summary":""},{"assertionResults":[{"ancestorTitles":["Account Settings Page Unit Testing"],"failureMessages":[],"fullName":"Account Settings Page Unit Testing [U01] Display Username and Email","location":null,"status":"passed","title":"[U01] Display Username and Email"},{"ancestorTitles":["Account Settings Page Unit Testing"],"failureMessages":[],"fullName":"Account Settings Page Unit Testing [U02] Toggle Password Visibility","location":null,"status":"passed","title":"[U02] Toggle Password Visibility"},{"ancestorTitles":["Account Settings Page Unit Testing"],"failureMessages":[],"fullName":"Account Settings Page Unit Testing [U03] Change Linked Account Option","location":null,"status":"passed","title":"[U03] Change Linked Account Option"},{"ancestorTitles":["Account Settings Page Unit Testing"],"failureMessages":[],"fullName":"Account Settings Page Unit Testing [U04] Save Settings Functionality","location":null,"status":"passed","title":"[U04] Save Settings Functionality"}],"endTime":1747311297491,"message":"","name":"C:\\Users\\sheme\\Downloads\\Voice-Enabled-AI-Chatbot\\tests\\account_settings.unit.test.js","startTime":1747311296992,"status":"passed","summary":""},{"assertionResults":[{"ancestorTitles":["handleRole Function Unit Test"],"failureMessages":[],"fullName":"handleRole Function Unit Test should navigate to student page","location":null,"status":"passed","title":"should navigate to student page"},{"ancestorTitles":["handleRole Function Unit Test"],"failureMessages":[],"fullName":"handleRole Function Unit Test should navigate to admin page","location":null,"status":"passed","title":"should navigate to admin page"},{"ancestorTitles":["handleRole Function Unit Test"],"failureMessages":[],"fullName":"handleRole Function Unit Test should navigate to instructor page","location":null,"status":"passed","title":"should navigate to instructor page"},{"ancestorTitles":["handleRole Function Unit Test"],"failureMessages":[],"fullName":"handleRole Function Unit Test should throw an error for invalid role","location":null,"status":"passed","title":"should throw an error for invalid role"}],"endTime":1747311297544,"message":"","name":"C:\\Users\\sheme\\Downloads\\Voice-Enabled-AI-Chatbot\\tests\\role.unit.test.js","startTime":1747311297118,"status":"passed","summary":""},{"assertionResults":[{"ancestorTitles":["Notifications Settings Page Unit Testing"],"failureMessages":[],"fullName":"Notifications Settings Page Unit Testing [U01] Toggle Push Notifications","location":null,"status":"passed","title":"[U01] Toggle Push Notifications"},{"ancestorTitles":["Notifications Settings Page Unit Testing"],"failureMessages":[],"fullName":"Notifications Settings Page Unit Testing [U02] Toggle Email Alerts","location":null,"status":"passed","title":"[U02] Toggle Email Alerts"},{"ancestorTitles":["Notifications Settings Page Unit Testing"],"failureMessages":[],"fullName":"Notifications Settings Page Unit Testing [U03] Change Sound Option","location":null,"status":"passed","title":"[U03] Change Sound Option"},{"ancestorTitles":["Notifications Settings Page Unit Testing"],"failureMessages":[],"fullName":"Notifications Settings Page Unit Testing [U04] Save Settings Functionality","location":null,"status":"passed","title":"[U04] Save Settings Functionality"}],"endTime":1747311297544,"message":"","name":"C:\\Users\\sheme\\Downloads\\Voice-Enabled-AI-Chatbot\\tests\\notifications_settings.unit.test.js","startTime":1747311297169,"status":"passed","summary":""},{"assertionResults":[{"ancestorTitles":["FAQ Page Unit Testing"],"failureMessages":[],"fullName":"FAQ Page Unit Testing should toggle answer display from none to block","location":null,"status":"passed","title":"should toggle answer display from none to block"},{"ancestorTitles":["FAQ Page Unit Testing"],"failureMessages":[],"fullName":"FAQ Page Unit Testing should toggle answer display from block to none","location":null,"status":"passed","title":"should toggle answer display from block to none"},{"ancestorTitles":["FAQ Page Unit Testing"],"failureMessages":[],"fullName":"FAQ Page Unit Testing should navigate to 'Ask Lumi a New Question' page","location":null,"status":"passed","title":"should navigate to 'Ask Lumi a New Question' page"}],"endTime":1747311297547,"message":"","name":"C:\\Users\\sheme\\Downloads\\Voice-Enabled-AI-Chatbot\\tests\\faq.unit.test.js","startTime":1747311297081,"status":"passed","summary":""},{"assertionResults":[{"ancestorTitles":["Notifications Settings Page Integration Testing"],"failureMessages":[],"fullName":"Notifications Settings Page Integration Testing [C46] Verify Default Selections","location":null,"status":"passed","title":"[C46] Verify Default Selections"},{"ancestorTitles":["Notifications Settings Page Integration Testing"],"failureMessages":[],"fullName":"Notifications Settings Page Integration Testing [C47] Toggle Push Notifications and Save","location":null,"status":"passed","title":"[C47] Toggle Push Notifications and Save"},{"ancestorTitles":["Notifications Settings Page Integration Testing"],"failureMessages":[],"fullName":"Notifications Settings Page Integration Testing [C48] Toggle Email Alerts and Save","location":null,"status":"passed","title":"[C48] Toggle Email Alerts and Save"},{"ancestorTitles":["Notifications Settings Page Integration Testing"],"failureMessages":[],"fullName":"Notifications Settings Page Integration Testing [C49] Change Sound to Enabled and Save","location":null,"status":"passed","title":"[C49] Change Sound to Enabled and Save"},{"ancestorTitles":["Notifications Settings Page Integration Testing"],"failureMessages":[],"fullName":"Notifications Settings Page Integration Testing [C50] Change Sound to Off and Save","location":null,"status":"passed","title":"[C50] Change Sound to Off and Save"},{"ancestorTitles":["Notifications Settings Page Integration Testing"],"failureMessages":[],"fullName":"Notifications Settings Page Integration Testing [C51] Back to Settings Navigation","location":null,"status":"passed","title":"[C51] Back to Settings Navigation"},{"ancestorTitles":["Notifications Settings Page Integration Testing"],"failureMessages":[],"fullName":"Notifications Settings Page Integration Testing [C159] Page Load","location":null,"status":"passed","title":"[C159] Page Load"},{"ancestorTitles":["Notifications Settings Page Integration Testing"],"failureMessages":[],"fullName":"Notifications Settings Page Integration Testing [C160] Check UI Elements Visibility","location":null,"status":"passed","title":"[C160] Check UI Elements Visibility"}],"endTime":1747311297600,"message":"","name":"C:\\Users\\sheme\\Downloads\\Voice-Enabled-AI-Chatbot\\tests\\notifications_setting.test.js","startTime":1747311297178,"status":"passed","summary":""},{"assertionResults":[{"ancestorTitles":["Account Settings Page Integration Testing"],"failureMessages":[],"fullName":"Account Settings Page Integration Testing [C52] Check Name and Email Display","location":null,"status":"passed","title":"[C52] Check Name and Email Display"},{"ancestorTitles":["Account Settings Page Integration Testing"],"failureMessages":[],"fullName":"Account Settings Page Integration Testing [C53] Toggle Password Visibility","location":null,"status":"passed","title":"[C53] Toggle Password Visibility"},{"ancestorTitles":["Account Settings Page Integration Testing"],"failureMessages":[],"fullName":"Account Settings Page Integration Testing [C54] Verify Default Linked Account Selection","location":null,"status":"passed","title":"[C54] Verify Default Linked Account Selection"},{"ancestorTitles":["Account Settings Page Integration Testing"],"failureMessages":[],"fullName":"Account Settings Page Integration Testing [C55] Change Linked Account Option","location":null,"status":"passed","title":"[C55] Change Linked Account Option"},{"ancestorTitles":["Account Settings Page Integration Testing"],"failureMessages":[],"fullName":"Account Settings Page Integration Testing [C56] Logout Button Functionality","location":null,"status":"passed","title":"[C56] Logout Button Functionality"},{"ancestorTitles":["Account Settings Page Integration Testing"],"failureMessages":[],"fullName":"Account Settings Page Integration Testing [C57] Back to Settings Navigation","location":null,"status":"passed","title":"[C57] Back to Settings Navigation"}],"endTime":1747311298165,"message":"","name":"C:\\Users\\sheme\\Downloads\\Voice-Enabled-AI-Chatbot\\tests\\account_setting.test.js","startTime":1747311297927,"status":"passed","summary":""},{"assertionResults":[{"ancestorTitles":["Preferences Settings Page Unit Testing"],"failureMessages":[],"fullName":"Preferences Settings Page Unit Testing [U01] Change Theme Preference","location":null,"status":"passed","title":"[U01] Change Theme Preference"},{"ancestorTitles":["Preferences Settings Page Unit Testing"],"failureMessages":[],"fullName":"Preferences Settings Page Unit Testing [U02] Change Font Size","location":null,"status":"passed","title":"[U02] Change Font Size"},{"ancestorTitles":["Preferences Settings Page Unit Testing"],"failureMessages":[],"fullName":"Preferences Settings Page Unit Testing [U03] Change App Language","location":null,"status":"passed","title":"[U03] Change App Language"},{"ancestorTitles":["Preferences Settings Page Unit Testing"],"failureMessages":[],"fullName":"Preferences Settings Page Unit Testing [U04] Save Settings Functionality","location":null,"status":"passed","title":"[U04] Save Settings Functionality"}],"endTime":1747311298225,"message":"","name":"C:\\Users\\sheme\\Downloads\\Voice-Enabled-AI-Chatbot\\tests\\preferences_settings.unit.test.js","startTime":1747311298029,"status":"passed","summary":""},{"assertionResults":[{"ancestorTitles":[],"failureMessages":[],"fullName":"basic sample test","location":null,"status":"passed","title":"basic sample test"}],"endTime":1747311298297,"message":"","name":"C:\\Users\\sheme\\Downloads\\Voice-Enabled-AI-Chatbot\\tests\\sample.test.js","startTime":1747311298132,"status":"passed","summary":""},{"assertionResults":[{"ancestorTitles":[],"failureMessages":[],"fullName":"[C101] should have a title","location":null,"status":"passed","title":"[C101] should have a title"},{"ancestorTitles":[],"failureMessages":[],"fullName":"[C102] should have some buttons","location":null,"status":"passed","title":"[C102] should have some buttons"}],"endTime":1747311298377,"message":"","name":"C:\\Users\\sheme\\Downloads\\Voice-Enabled-AI-Chatbot\\tests\\script.test.js","startTime":1747311294819,"status":"passed","summary":""},{"assertionResults":[{"ancestorTitles":["Ask Lumi Page Integration Testing"],"failureMessages":[],"fullName":"Ask Lumi Page Integration Testing [C26] Submit Question Successfully","location":null,"status":"passed","title":"[C26] Submit Question Successfully"},{"ancestorTitles":["Ask Lumi Page Integration Testing"],"failureMessages":[],"fullName":"Ask Lumi Page Integration Testing [C27] Submit Without Question","location":null,"status":"passed","title":"[C27] Submit Without Question"},{"ancestorTitles":["Ask Lumi Page Integration Testing"],"failureMessages":[],"fullName":"Ask Lumi Page Integration Testing [C28] Voice Input Button Click","location":null,"status":"passed","title":"[C28] Voice Input Button Click"},{"ancestorTitles":["Ask Lumi Page Integration Testing"],"failureMessages":[],"fullName":"Ask Lumi Page Integration Testing [C29] Microphone Access Denied","location":null,"status":"passed","title":"[C29] Microphone Access Denied"}],"endTime":1747311298505,"message":"","name":"C:\\Users\\sheme\\Downloads\\Voice-Enabled-AI-Chatbot\\tests\\ask_lumi.test.js","startTime":1747311294790,"status":"passed","summary":""},{"assertionResults":[{"ancestorTitles":["Welcome Page Testing"],"failureMessages":[],"fullName":"Welcome Page Testing [C1] Page Load","location":null,"status":"passed","title":"[C1] Page Load"},{"ancestorTitles":["Welcome Page Testing"],"failureMessages":[],"fullName":"Welcome Page Testing [C2] Voice Input - Student ID","location":null,"status":"passed","title":"[C2] Voice Input - Student ID"},{"ancestorTitles":["Welcome Page Testing"],"failureMessages":[],"fullName":"Welcome Page Testing [C3] Voice Input - Phone Number","location":null,"status":"passed","title":"[C3] Voice Input - Phone Number"},{"ancestorTitles":["Welcome Page Testing"],"failureMessages":[],"fullName":"Welcome Page Testing [C4] Voice Input - Email","location":null,"status":"passed","title":"[C4] Voice Input - Email"},{"ancestorTitles":["Welcome Page Testing"],"failureMessages":[],"fullName":"Welcome Page Testing [C5] Submit Without Filling Fields","location":null,"status":"passed","title":"[C5] Submit Without Filling Fields"},{"ancestorTitles":["Welcome Page Testing"],"failureMessages":[],"fullName":"Welcome Page Testing [C6] Invalid Student ID Input","location":null,"status":"passed","title":"[C6] Invalid Student ID Input"},{"ancestorTitles":["Welcome Page Testing"],"failureMessages":[],"fullName":"Welcome Page Testing [C12] Invalid Phone Number Input","location":null,"status":"passed","title":"[C12] Invalid Phone Number Input"},{"ancestorTitles":["Welcome Page Testing"],"failureMessages":[],"fullName":"Welcome Page Testing [C7] Invalid Email Input","location":null,"status":"passed","title":"[C7] Invalid Email Input"},{"ancestorTitles":["Welcome Page Testing"],"failureMessages":[],"fullName":"Welcome Page Testing [C8] Successful Form Submission","location":null,"status":"passed","title":"[C8] Successful Form Submission"},{"ancestorTitles":["Welcome Page Testing"],"failureMessages":[],"fullName":"Welcome Page Testing [C9] Form Responsiveness","location":null,"status":"passed","title":"[C9] Form Responsiveness"},{"ancestorTitles":["Welcome Page Testing"],"failureMessages":[],"fullName":"Welcome Page Testing [C10] Button Hover Effect","location":null,"status":"passed","title":"[C10] Button Hover Effect"},{"ancestorTitles":["Welcome Page Testing"],"failureMessages":[],"fullName":"Welcome Page Testing [C11] Voice Recognition Error Handling","location":null,"status":"passed","title":"[C11] Voice Recognition Error Handling"}],"endTime":1747311298526,"message":"","name":"C:\\Users\\sheme\\Downloads\\Voice-Enabled-AI-Chatbot\\tests\\index.test.js","startTime":1747311294742,"status":"passed","summary":""}],"wasInterrupted":false}